# Logfile created on Mon May 25 14:26:03 +0800 2009 by /
LocalIndex: ensure_index_exists at /Users/AChien/rails/boxroom/index/development/folder
LocalIndex: ensure_index_exists at /Users/AChien/rails/boxroom/index/development/folder
LocalIndex: ensure_index_exists at /Users/AChien/rails/boxroom/index/development/myfile
rebuild index: [Myfile(id: integer, filename: string, filesize: integer, date_modified: datetime, folder_id: integer, user_id: integer, indexed: boolean)]
reindexing model Myfile
LocalIndex: ensure_index_exists at /Users/AChien/rails/boxroom/index/development/folder
LocalIndex: ensure_index_exists at /Users/AChien/rails/boxroom/index/development/myfile
LocalIndex: ensure_index_exists at /Users/AChien/rails/boxroom/index/development/folder
LocalIndex: ensure_index_exists at /Users/AChien/rails/boxroom/index/development/folder
LocalIndex: ensure_index_exists at /Users/AChien/rails/boxroom/index/development/myfile
LocalIndex: ensure_index_exists at /Users/AChien/rails/boxroom/index/development/myfile
stored_fields: 
LocalIndex: ensure_index_exists at /Users/AChien/rails/boxroom/index/development/folder
LocalIndex: ensure_index_exists at /Users/AChien/rails/boxroom/index/development/folder
LocalIndex: ensure_index_exists at /Users/AChien/rails/boxroom/index/development/myfile
rebuild index: [Myfile(id: integer, filename: string, filesize: integer, date_modified: datetime, folder_id: integer, user_id: integer, indexed: boolean)]
reindexing model Myfile
LocalIndex: ensure_index_exists at /Users/AChien/rails/boxroom/index/development/myfile
LocalIndex: ensure_index_exists at /Users/AChien/rails/boxroom/index/development/myfile
LocalIndex: ensure_index_exists at /Users/AChien/rails/boxroom/index/development/folder
LocalIndex: ensure_index_exists at /Users/AChien/rails/boxroom/index/development/myfile
stored_fields: 
stored_fields: 
stored_fields: 
stored_fields: 
LocalIndex: ensure_index_exists at /Users/AChien/rails/boxroom/index/development/myfile
LocalIndex: ensure_index_exists at /Users/AChien/rails/boxroom/index/development/myfile
LocalIndex: ensure_index_exists at /Users/AChien/rails/boxroom/index/development/myfile
LocalIndex: ensure_index_exists at /Users/AChien/rails/boxroom/index/development/myfile
rebuild index: [Myfile(id: integer, filename: string, filesize: integer, date_modified: datetime, folder_id: integer, user_id: integer, indexed: boolean)]
reindexing model Myfile
reindex model Myfile : 300.00% complete : 0.00 secs to finish
LocalIndex: ensure_index_exists at /Users/AChien/rails/boxroom/index/development/myfile
LocalIndex: ensure_index_exists at /Users/AChien/rails/boxroom/index/development/myfile
LocalIndex: ensure_index_exists at /Users/AChien/rails/boxroom/index/development/myfile
rebuild index: [Myfile(id: integer, filename: string, filesize: integer, date_modified: datetime, folder_id: integer, user_id: integer, indexed: boolean)]
reindexing model Myfile
reindex model Myfile : 400.00% complete : 0.00 secs to finish
LocalIndex: ensure_index_exists at /Users/AChien/rails/boxroom/index/development/myfile
LocalIndex: ensure_index_exists at /Users/AChien/rails/boxroom/index/development/myfile
LocalIndex: ensure_index_exists at /Users/AChien/rails/boxroom/index/development/myfile
LocalIndex: ensure_index_exists at /Users/AChien/rails/boxroom/index/development/myfile
LocalIndex: ensure_index_exists at /Users/AChien/rails/boxroom/index/development/folder
rebuild index: [Folder(id: integer, name: string, date_modified: datetime, user_id: integer, parent_id: integer, is_root: boolean)]
reindexing model Folder
reindex model Folder : 100.00% complete : 0.01 secs to finish
LocalIndex: ensure_index_exists at /Users/AChien/rails/boxroom/index/development/folder
LocalIndex: ensure_index_exists at /Users/AChien/rails/boxroom/index/development/myfile
